<?xml version="1.0" encoding="utf-8"?><testsuites name="pytest tests"><testsuite name="pytest" errors="0" failures="0" skipped="0" tests="17" time="3.384" timestamp="2026-09-18T14:46:14.101556+00:00" hostname="agent-env-43b03a0b-4c48-4f77-8d50-6c28682907d8"><testcase classname="tests.test_review_endpoints.TestAdminAuth" name="test_login_success" time="0.773" /><testcase classname="tests.test_review_endpoints.TestDashboard" name="test_kpis" time="0.783" /><testcase classname="tests.test_review_endpoints.TestAdminAuth" name="test_login_wrong_password" time="0.378" /><testcase classname="tests.test_review_endpoints.TestDashboard" name="test_funnel" time="0.378" /><testcase classname="tests.test_review_endpoints.TestDashboard" name="test_activity" time="0.198" /><testcase classname="tests.test_review_endpoints.TestDashboard" name="test_realtime" time="0.260" /><testcase classname="tests.test_review_endpoints.TestSettings" name="test_get_settings" time="0.114" /><testcase classname="tests.test_review_endpoints.TestAdminAuth" name="test_me_with_token" time="0.710" /><testcase classname="tests.test_review_endpoints.TestSettings" name="test_update_settings" time="0.343" /><testcase classname="tests.test_review_endpoints.TestAdminAuth" name="test_me_without_token" time="0.140" /><testcase classname="tests.test_review_endpoints.TestPix" name="test_pix_generate" time="0.297" /><testcase classname="tests.test_review_endpoints.TestTracking" name="test_track_access" time="0.178" /><testcase classname="tests.test_review_endpoints.TestTracking" name="test_track_registration" time="0.154" /><testcase classname="tests.test_review_endpoints.TestPix" name="test_pix_qr_png" time="0.163" /><testcase classname="tests.test_review_endpoints.TestCEP" name="test_cep_lookup" time="0.313" /><testcase classname="tests.test_review_endpoints.TestPix" name="test_pix_code_txt" time="0.159" /><testcase classname="tests.test_review_endpoints.TestAdminList" name="test_list_admins" time="0.174" /></testsuite></testsuites>