<?xml version="1.0" encoding="utf-8"?><testsuites name="pytest tests"><testsuite name="pytest" errors="0" failures="0" skipped="0" tests="9" time="4.539" timestamp="2026-09-19T12:37:56.124999+00:00" hostname="agent-env-279eaa96-7590-4cb1-bf95-11b63b6a55a8"><testcase classname="tests.test_track_access" name="test_track_access_new_visitor" time="0.305" /><testcase classname="tests.test_track_access" name="test_track_access_duplicate_visitor" time="0.322" /><testcase classname="tests.test_track_access" name="test_track_access_admin_path_skipped" time="0.127" /><testcase classname="tests.test_track_access" name="test_kpi_increments_on_new_access" time="1.324" /><testcase classname="tests.test_track_access" name="test_track_access_mobile_user_agent" time="0.220" /><testcase classname="tests.test_track_access" name="test_track_access_desktop_user_agent" time="0.211" /><testcase classname="tests.test_track_access" name="test_funnel_devices_reflects_counts" time="1.233" /><testcase classname="tests.test_track_access" name="test_inicio_html_has_csp_connect_src" time="0.159" /><testcase classname="tests.test_track_access" name="test_inicio_html_has_tracker_script" time="0.153" /></testsuite></testsuites>